#
# A fatal error has been detected by the Java Runtime Environment:
#
#  EXCEPTION_ACCESS_VIOLATION (0xc0000005) at pc=0x00007ffac8182175, pid=5828, tid=3644
#
# JRE version: Java(TM) SE Runtime Environment (12.0.1+12) (build 12.0.1+12)
# Java VM: Java HotSpot(TM) 64-Bit Server VM (12.0.1+12, mixed mode, sharing, tiered, compressed oops, g1 gc, windows-amd64)
# Problematic frame:
# V  [jvm.dll+0x382175]
#
# No core dump will be written. Minidumps are not enabled by default on client versions of Windows
#
# If you would like to submit a bug report, please visit:
#   http://bugreport.java.com/bugreport/crash.jsp
#

---------------  S U M M A R Y ------------

Command Line: --add-opens=java.base/java.util=ALL-UNNAMED --add-opens=java.base/java.lang=ALL-UNNAMED --add-opens=java.base/java.lang.invoke=ALL-UNNAMED --add-opens=java.prefs/java.util.prefs=ALL-UNNAMED -XX:MaxMetaspaceSize=256m -XX:+HeapDumpOnOutOfMemoryError -Xms256m -Xmx512m -Dfile.encoding=windows-1252 -Duser.country=PH -Duser.language=en -Duser.variant org.gradle.launcher.daemon.bootstrap.GradleDaemon 5.5

Host: Intel(R) Core(TM) i5-4300U CPU @ 1.90GHz, 4 cores, 7G,  Windows 10 , 64 bit Build 18362 (10.0.18362.329)
Time: Thu Mar 26 21:45:42 2020 Taipei Standard Time elapsed time: 14852 seconds (0d 4h 7m 32s)

---------------  T H R E A D  ---------------

Current thread (0x000001bb0147b800):  GCTaskThread "GC Thread#3" [stack: 0x00000049d9d00000,0x00000049d9e00000] [id=3644]

Stack: [0x00000049d9d00000,0x00000049d9e00000],  sp=0x00000049d9dff9e0,  free space=1022k
Native frames: (J=compiled Java code, j=interpreted, Vv=VM code, C=native code)
V  [jvm.dll+0x382175]
V  [jvm.dll+0x64ac83]
V  [jvm.dll+0x7bb2b0]
V  [jvm.dll+0x748648]
V  [jvm.dll+0x638566]
C  [ucrtbase.dll+0x20e72]
C  [KERNEL32.DLL+0x17bd4]
C  [ntdll.dll+0x6ced1]


siginfo: EXCEPTION_ACCESS_VIOLATION (0xc0000005), reading address 0x000000000cad1c50


Register to memory mapping:

RIP=0x00007ffac8182175 jvm.dll
RAX=0x000000000cad1c40 is an unknown value
RBX=0x0000000801b86708 is a pointer to class: 
com.google.wireless.android.sdk.stats.DeviceInfo {0x0000000801b86710}
RCX=0x0000000801b86708 is a pointer to class: 
com.google.wireless.android.sdk.stats.DeviceInfo {0x0000000801b86710}
RDX=0x00000049d8ffea98 points into unknown readable memory: 00 00 00 00 00 00 00 00
RSP=0x00000049d9dff9e0 points into unknown readable memory: d8 03 00 00 00 00 00 00
RBP=0x0000000000000009 is an unknown value
RSI=0x0 is NULL
RDI=0x000001bb014faf60 points into unknown readable memory: 02 00 00 00 00 00 00 00
R8 =0x0000000801b86708 is a pointer to class: 
com.google.wireless.android.sdk.stats.DeviceInfo {0x0000000801b86710}
R9 =0x0 is NULL
R10=0x000001bb657c1f10 points into unknown readable memory: 90 20 6a c8 fa 7f 00 00
R11=0x00000049d9dff9e8 points into unknown readable memory: d4 eb fe c7 fa 7f 00 00
R12=0x0 is NULL
R13=0x0 is NULL
R14=0x0000000000000048 is an unknown value
R15=0x00000000000003d8 is an unknown value


Registers:
RAX=0x000000000cad1c40, RBX=0x0000000801b86708, RCX=0x0000000801b86708, RDX=0x00000049d8ffea98
RSP=0x00000049d9dff9e0, RBP=0x0000000000000009, RSI=0x0000000000000000, RDI=0x000001bb014faf60
R8 =0x0000000801b86708, R9 =0x0000000000000000, R10=0x000001bb657c1f10, R11=0x00000049d9dff9e8
R12=0x0000000000000000, R13=0x0000000000000000, R14=0x0000000000000048, R15=0x00000000000003d8
RIP=0x00007ffac8182175, EFLAGS=0x0000000000010283

Top of Stack: (sp=0x00000049d9dff9e0)
0x00000049d9dff9e0:   00000000000003d8 00007ffac7feebd4
0x00000049d9dff9f0:   000001bb0cc87378 0000000000000058
0x00000049d9dffa00:   000001bb00e8dc38 000001bb014faf60
0x00000049d9dffa10:   000001bb00e8d850 00007ffac844ac83
0x00000049d9dffa20:   00000049d8ffea90 0000000000000001
0x00000049d9dffa30:   00000049d8ffea90 000001bb00e8d860
0x00000049d9dffa40:   0000000000000000 00000000000075a3
0x00000049d9dffa50:   000001bb0147b800 00007ffac85bb2b0
0x00000049d9dffa60:   00000049d9dffee0 0000000000100000
0x00000049d9dffa70:   000001bb0147b800 00000000000075a3
0x00000049d9dffa80:   00000049d8ffe9e0 00007ffb00000001
0x00000049d9dffa90:   0000000000000000 0000000000000000
0x00000049d9dffaa0:   00000049d9d00000 00007ffac8548648
0x00000049d9dffab0:   00000000ffffffff 0000000000000000
0x00000049d9dffac0:   0000000000000000 0000000000000000
0x00000049d9dffad0:   0000000000000000 0000000000000000 

Instructions: (pc=0x00007ffac8182175)
0x00007ffac8182155:   4c 89 77 18 48 8b 83 a0 01 00 00 33 ed 39 28 7e
0x00007ffac8182165:   60 45 33 f6 0f 1f 80 00 00 00 00 49 8b 44 06 08
0x00007ffac8182175:   48 8b 70 10 48 85 f6 74 37 8b 05 60 a1 72 00 83
0x00007ffac8182185:   f8 02 75 04 33 ff eb 11 48 8d 7e 18 48 85 ff 74 


Stack slot to memory mapping:
stack at sp + 0 slots: 0x00000000000003d8 is an unknown value
stack at sp + 1 slots: 0x00007ffac7feebd4 jvm.dll
stack at sp + 2 slots: 0x000001bb0cc87378 is pointing into metadata
stack at sp + 3 slots: 0x0000000000000058 is an unknown value
stack at sp + 4 slots: 0x000001bb00e8dc38 points into unknown readable memory: f3 67 f0 a5 00 09 00 88
stack at sp + 5 slots: 0x000001bb014faf60 points into unknown readable memory: 02 00 00 00 00 00 00 00
stack at sp + 6 slots: 0x000001bb00e8d850 points into unknown readable memory: 00 00 00 00 00 00 00 00
stack at sp + 7 slots: 0x00007ffac844ac83 jvm.dll


---------------  P R O C E S S  ---------------

Threads class SMR info:
_java_thread_list=0x000001bb051dd4b0, length=37, elements={
0x000001bb65705800, 0x000001bb003c5800, 0x000001bb003c7000, 0x000001bb003e8000,
0x000001bb003ea000, 0x000001bb003eb800, 0x000001bb003f2000, 0x000001bb003fd800,
0x000001bb00e3b800, 0x000001bb00e81000, 0x000001bb01c3a000, 0x000001bb01963800,
0x000001bb01e73000, 0x000001bb02660800, 0x000001bb02661000, 0x000001bb02662000,
0x000001bb02666000, 0x000001bb05cfc800, 0x000001bb05cfd800, 0x000001bb05d05000,
0x000001bb05d04000, 0x000001bb05cfa800, 0x000001bb05cfe800, 0x000001bb05cfb000,
0x000001bb05cff000, 0x000001bb05cf9800, 0x000001bb05d01000, 0x000001bb05d00000,
0x000001bb05d01800, 0x000001bb05cfc000, 0x000001bb05d05800, 0x000001bb05d06800,
0x000001bb05d02800, 0x000001bb05d07800, 0x000001bb05d08000, 0x000001bb05d03000,
0x000001bb02d35800
}

Java Threads: ( => current thread )
  0x000001bb65705800 JavaThread "main" [_thread_blocked, id=14680, stack(0x00000049d8900000,0x00000049d8a00000)]
  0x000001bb003c5800 JavaThread "Reference Handler" daemon [_thread_blocked, id=10120, stack(0x00000049d9000000,0x00000049d9100000)]
  0x000001bb003c7000 JavaThread "Finalizer" daemon [_thread_blocked, id=15792, stack(0x00000049d9100000,0x00000049d9200000)]
  0x000001bb003e8000 JavaThread "Signal Dispatcher" daemon [_thread_blocked, id=3748, stack(0x00000049d9200000,0x00000049d9300000)]
  0x000001bb003ea000 JavaThread "Attach Listener" daemon [_thread_blocked, id=6212, stack(0x00000049d9300000,0x00000049d9400000)]
  0x000001bb003eb800 JavaThread "C2 CompilerThread0" daemon [_thread_blocked, id=4088, stack(0x00000049d9400000,0x00000049d9500000)]
  0x000001bb003f2000 JavaThread "C1 CompilerThread0" daemon [_thread_blocked, id=6104, stack(0x00000049d9500000,0x00000049d9600000)]
  0x000001bb003fd800 JavaThread "Sweeper thread" daemon [_thread_blocked, id=8492, stack(0x00000049d9600000,0x00000049d9700000)]
  0x000001bb00e3b800 JavaThread "Common-Cleaner" daemon [_thread_blocked, id=16404, stack(0x00000049d9700000,0x00000049d9800000)]
  0x000001bb00e81000 JavaThread "Service Thread" daemon [_thread_blocked, id=9436, stack(0x00000049d9800000,0x00000049d9900000)]
  0x000001bb01c3a000 JavaThread "Daemon health stats" [_thread_blocked, id=11780, stack(0x00000049d9f00000,0x00000049da000000)]
  0x000001bb01963800 JavaThread "Incoming local TCP Connector on port 54752" [_thread_in_native, id=16408, stack(0x00000049d9a00000,0x00000049d9b00000)]
  0x000001bb01e73000 JavaThread "Daemon periodic checks" [_thread_blocked, id=15208, stack(0x00000049da000000,0x00000049da100000)]
  0x000001bb02660800 JavaThread "Cache worker for file hash cache (C:\Users\Fligno-Laptop-031\.gradle\caches\5.5\fileHashes)" [_thread_blocked, id=12484, stack(0x00000049da800000,0x00000049da900000)]
  0x000001bb02661000 JavaThread "File lock request listener" [_thread_in_native, id=14784, stack(0x00000049da900000,0x00000049daa00000)]
  0x000001bb02662000 JavaThread "Cache worker for journal cache (C:\Users\Fligno-Laptop-031\.gradle\caches\journal-1)" [_thread_blocked, id=5692, stack(0x00000049daa00000,0x00000049dab00000)]
  0x000001bb02666000 JavaThread "Cache worker for execution history cache (C:\Users\Fligno-Laptop-031\.gradle\caches\5.5\executionHistory)" [_thread_blocked, id=16564, stack(0x00000049daf00000,0x00000049db000000)]
  0x000001bb05cfc800 JavaThread "Memory manager" [_thread_blocked, id=5372, stack(0x00000049db500000,0x00000049db600000)]
  0x000001bb05cfd800 JavaThread "Cache worker for file content cache (C:\Users\Fligno-Laptop-031\.gradle\caches\5.5\fileContent)" [_thread_blocked, id=17344, stack(0x00000049db600000,0x00000049db700000)]
  0x000001bb05d05000 JavaThread "Monitor" [_thread_in_native, id=10332, stack(0x00000049dbe00000,0x00000049dbf00000)]
  0x000001bb05d04000 JavaThread "Device List Monitor" [_thread_in_native, id=8824, stack(0x00000049dbf00000,0x00000049dc000000)]
  0x000001bb05cfa800 JavaThread "Daemon Thread 9" [_thread_blocked, id=6060, stack(0x00000049d8600000,0x00000049d8700000)]
  0x000001bb05cfe800 JavaThread "Handler for socket connection from /127.0.0.1:54752 to /127.0.0.1:51126" [_thread_in_native, id=8740, stack(0x00000049d8700000,0x00000049d8800000)]
  0x000001bb05cfb000 JavaThread "Cancel handler" [_thread_blocked, id=8156, stack(0x00000049d8800000,0x00000049d8900000)]
  0x000001bb05cff000 JavaThread "Daemon worker Thread 9" [_thread_blocked, id=19476, stack(0x00000049da100000,0x00000049da200000)]
  0x000001bb05cf9800 JavaThread "Asynchronous log dispatcher for DefaultDaemonConnection: socket connection from /127.0.0.1:54752 to /127.0.0.1:51126" [_thread_blocked, id=11468, stack(0x00000049da200000,0x00000049da300000)]
  0x000001bb05d01000 JavaThread "Stdin handler" [_thread_blocked, id=10532, stack(0x00000049da300000,0x00000049da400000)]
  0x000001bb05d00000 JavaThread "Thread-174" [_thread_blocked, id=8088, stack(0x00000049da400000,0x00000049da500000)]
  0x000001bb05d01800 JavaThread "Cache worker for file hash cache (C:\Edio\Standard\ReactNativeStandard\android\.gradle\5.5\fileHashes)" [_thread_blocked, id=14300, stack(0x00000049da500000,0x00000049da600000)]
  0x000001bb05cfc000 JavaThread "Cache worker for cache directory md-supplier (C:\Users\Fligno-Laptop-031\.gradle\caches\5.5\md-supplier)" [_thread_blocked, id=15108, stack(0x00000049da600000,0x00000049da700000)]
  0x000001bb05d05800 JavaThread "Cache worker for cache directory md-rule (C:\Users\Fligno-Laptop-031\.gradle\caches\5.5\md-rule)" [_thread_blocked, id=7988, stack(0x00000049da700000,0x00000049da800000)]
  0x000001bb05d06800 JavaThread "Build operations" [_thread_blocked, id=7192, stack(0x00000049dab00000,0x00000049dac00000)]
  0x000001bb05d02800 JavaThread "Build operations Thread 2" [_thread_blocked, id=19752, stack(0x00000049dac00000,0x00000049dad00000)]
  0x000001bb05d07800 JavaThread "Build operations Thread 3" [_thread_blocked, id=12928, stack(0x00000049dad00000,0x00000049dae00000)]
  0x000001bb05d08000 JavaThread "Build operations Thread 4" [_thread_blocked, id=876, stack(0x00000049dae00000,0x00000049daf00000)]
  0x000001bb05d03000 JavaThread "Cache worker for Build Output Cleanup Cache (C:\Edio\Standard\ReactNativeStandard\android\.gradle\buildOutputCleanup)" [_thread_blocked, id=20420, stack(0x00000049db100000,0x00000049db200000)]
  0x000001bb02d35800 JavaThread "C2 CompilerThread1" daemon [_thread_blocked, id=1080, stack(0x00000049db000000,0x00000049db100000)]

Other Threads:
  0x000001bb003c1800 VMThread "VM Thread" [stack: 0x00000049d8f00000,0x00000049d9000000] [id=20192]
  0x000001bb00e82000 WatcherThread [stack: 0x00000049d9900000,0x00000049d9a00000] [id=7228]
  0x000001bb65729800 GCTaskThread "GC Thread#0" [stack: 0x00000049d8a00000,0x00000049d8b00000] [id=19964]
  0x000001bb01481000 GCTaskThread "GC Thread#1" [stack: 0x00000049d9b00000,0x00000049d9c00000] [id=20392]
  0x000001bb015a1800 GCTaskThread "GC Thread#2" [stack: 0x00000049d9c00000,0x00000049d9d00000] [id=12052]
=>0x000001bb0147b800 GCTaskThread "GC Thread#3" [stack: 0x00000049d9d00000,0x00000049d9e00000] [id=3644]
  0x000001bb6572f000 ConcurrentGCThread "G1 Main Marker" [stack: 0x00000049d8b00000,0x00000049d8c00000] [id=20356]
  0x000001bb65732800 ConcurrentGCThread "G1 Conc#0" [stack: 0x00000049d8c00000,0x00000049d8d00000] [id=4884]
  0x000001bb00272800 ConcurrentGCThread "G1 Refine#0" [stack: 0x00000049d8d00000,0x00000049d8e00000] [id=10216]
  0x000001bb00f63000 ConcurrentGCThread "G1 Refine#1" [stack: 0x00000049d9e00000,0x00000049d9f00000] [id=18904]
  0x000001bb0798e800 ConcurrentGCThread "G1 Refine#2" [stack: 0x00000049db800000,0x00000049db900000] [id=20072]
  0x000001bb02441800 ConcurrentGCThread "G1 Refine#3" [stack: 0x00000049db900000,0x00000049dba00000] [id=17472]
  0x000001bb00273000 ConcurrentGCThread "G1 Young RemSet Sampling" [stack: 0x00000049d8e00000,0x00000049d8f00000] [id=6700]

Threads with active compile tasks:
C2 CompilerThread1  18165       4       org.gradle.api.internal.artifacts.ivyservice.resolveengine.result.StreamingResolutionResultBuilder::visitEdges (74 bytes)

VM state:at safepoint (normal execution)

VM Mutex/Monitor currently owned by a thread:  ([mutex/lock_event])
[0x000001bb65702e30] Threads_lock - owner thread: 0x000001bb003c1800
[0x000001bb657033d0] Heap_lock - owner thread: 0x000001bb6572f000

Heap address: 0x00000000e0000000, size: 512 MB, Compressed Oops mode: 32-bit
Narrow klass base: 0x0000000800000000, Narrow klass shift: 3
Compressed class space size: 260046848 Address: 0x00000008011a0000

Heap:
 garbage-first heap   total 262144K, used 114350K [0x00000000e0000000, 0x0000000100000000)
  region size 1024K, 13 young (13312K), 4 survivors (4096K)
 Metaspace       used 83044K, capacity 86321K, committed 86604K, reserved 329728K
  class space    used 10417K, capacity 11548K, committed 11596K, reserved 253952K
Heap Regions: E=young(eden), S=young(survivor), O=old, HS=humongous(starts), HC=humongous(continues), CS=collection set, F=free, A=archive, TAMS=top-at-mark-start (previous, next)
|   0|0x00000000e0000000, 0x00000000e0100000, 0x00000000e0100000|100%| O|  |TAMS 0x00000000e0100000, 0x00000000e0100000| Untracked 
|   1|0x00000000e0100000, 0x00000000e0200000, 0x00000000e0200000|100%| O|  |TAMS 0x00000000e0200000, 0x00000000e0200000| Untracked 
|   2|0x00000000e0200000, 0x00000000e0300000, 0x00000000e0300000|100%|HS|  |TAMS 0x00000000e0300000, 0x00000000e0300000| Complete 
|   3|0x00000000e0300000, 0x00000000e0400000, 0x00000000e0400000|100%|HS|  |TAMS 0x00000000e0400000, 0x00000000e0400000| Complete 
|   4|0x00000000e0400000, 0x00000000e0500000, 0x00000000e0500000|100%|HC|  |TAMS 0x00000000e0500000, 0x00000000e0500000| Complete 
|   5|0x00000000e0500000, 0x00000000e0600000, 0x00000000e0600000|100%| O|  |TAMS 0x00000000e0600000, 0x00000000e0600000| Untracked 
|   6|0x00000000e0600000, 0x00000000e0700000, 0x00000000e0700000|100%| O|  |TAMS 0x00000000e0700000, 0x00000000e0700000| Untracked 
|   7|0x00000000e0700000, 0x00000000e0800000, 0x00000000e0800000|100%| O|  |TAMS 0x00000000e0800000, 0x00000000e0800000| Untracked 
|   8|0x00000000e0800000, 0x00000000e0900000, 0x00000000e0900000|100%| O|  |TAMS 0x00000000e0900000, 0x00000000e0900000| Untracked 
|   9|0x00000000e0900000, 0x00000000e0a00000, 0x00000000e0a00000|100%| O|  |TAMS 0x00000000e0a00000, 0x00000000e0a00000| Untracked 
|  10|0x00000000e0a00000, 0x00000000e0b00000, 0x00000000e0b00000|100%| O|  |TAMS 0x00000000e0b00000, 0x00000000e0b00000| Untracked 
|  11|0x00000000e0b00000, 0x00000000e0c00000, 0x00000000e0c00000|100%| O|  |TAMS 0x00000000e0c00000, 0x00000000e0c00000| Untracked 
|  12|0x00000000e0c00000, 0x00000000e0d00000, 0x00000000e0d00000|100%| O|  |TAMS 0x00000000e0d00000, 0x00000000e0d00000| Untracked 
|  13|0x00000000e0d00000, 0x00000000e0e00000, 0x00000000e0e00000|100%|HS|  |TAMS 0x00000000e0e00000, 0x00000000e0e00000| Complete 
|  14|0x00000000e0e00000, 0x00000000e0f00000, 0x00000000e0f00000|100%|HC|  |TAMS 0x00000000e0f00000, 0x00000000e0f00000| Complete 
|  15|0x00000000e0f00000, 0x00000000e1000000, 0x00000000e1000000|100%|HC|  |TAMS 0x00000000e1000000, 0x00000000e1000000| Complete 
|  16|0x00000000e1000000, 0x00000000e1100000, 0x00000000e1100000|100%| O|  |TAMS 0x00000000e1100000, 0x00000000e1100000| Untracked 
|  17|0x00000000e1100000, 0x00000000e1200000, 0x00000000e1200000|100%| O|  |TAMS 0x00000000e1200000, 0x00000000e1200000| Untracked 
|  18|0x00000000e1200000, 0x00000000e1300000, 0x00000000e1300000|100%|HS|  |TAMS 0x00000000e1300000, 0x00000000e1300000| Complete 
|  19|0x00000000e1300000, 0x00000000e1400000, 0x00000000e1400000|100%|HC|  |TAMS 0x00000000e1400000, 0x00000000e1400000| Complete 
|  20|0x00000000e1400000, 0x00000000e1500000, 0x00000000e1500000|100%| O|  |TAMS 0x00000000e1500000, 0x00000000e1500000| Untracked 
|  21|0x00000000e1500000, 0x00000000e1600000, 0x00000000e1600000|100%| O|  |TAMS 0x00000000e1600000, 0x00000000e1600000| Untracked 
|  22|0x00000000e1600000, 0x00000000e1700000, 0x00000000e1700000|100%| O|  |TAMS 0x00000000e1700000, 0x00000000e1700000| Untracked 
|  23|0x00000000e1700000, 0x00000000e1800000, 0x00000000e1800000|100%| O|  |TAMS 0x00000000e1800000, 0x00000000e1800000| Untracked 
|  24|0x00000000e1800000, 0x00000000e1900000, 0x00000000e1900000|100%| O|  |TAMS 0x00000000e1900000, 0x00000000e1900000| Untracked 
|  25|0x00000000e1900000, 0x00000000e1a00000, 0x00000000e1a00000|100%| O|  |TAMS 0x00000000e1a00000, 0x00000000e1a00000| Untracked 
|  26|0x00000000e1a00000, 0x00000000e1b00000, 0x00000000e1b00000|100%| O|  |TAMS 0x00000000e1a00000, 0x00000000e1b00000| Untracked 
|  27|0x00000000e1b00000, 0x00000000e1c00000, 0x00000000e1c00000|100%| O|  |TAMS 0x00000000e1c00000, 0x00000000e1c00000| Untracked 
|  28|0x00000000e1c00000, 0x00000000e1d00000, 0x00000000e1d00000|100%| O|  |TAMS 0x00000000e1d00000, 0x00000000e1d00000| Untracked 
|  29|0x00000000e1d00000, 0x00000000e1e00000, 0x00000000e1e00000|100%|HS|  |TAMS 0x00000000e1e00000, 0x00000000e1e00000| Complete 
|  30|0x00000000e1e00000, 0x00000000e1f00000, 0x00000000e1f00000|100%|HC|  |TAMS 0x00000000e1f00000, 0x00000000e1f00000| Complete 
|  31|0x00000000e1f00000, 0x00000000e2000000, 0x00000000e2000000|100%|HC|  |TAMS 0x00000000e2000000, 0x00000000e2000000| Complete 
|  32|0x00000000e2000000, 0x00000000e2100000, 0x00000000e2100000|100%| O|  |TAMS 0x00000000e2100000, 0x00000000e2100000| Untracked 
|  33|0x00000000e2100000, 0x00000000e2200000, 0x00000000e2200000|100%| O|  |TAMS 0x00000000e2200000, 0x00000000e2200000| Untracked 
|  34|0x00000000e2200000, 0x00000000e2300000, 0x00000000e2300000|100%| O|  |TAMS 0x00000000e2300000, 0x00000000e2300000| Untracked 
|  35|0x00000000e2300000, 0x00000000e2400000, 0x00000000e2400000|100%| O|  |TAMS 0x00000000e2400000, 0x00000000e2400000| Untracked 
|  36|0x00000000e2400000, 0x00000000e2500000, 0x00000000e2500000|100%| O|  |TAMS 0x00000000e2500000, 0x00000000e2500000| Untracked 
|  37|0x00000000e2500000, 0x00000000e2600000, 0x00000000e2600000|100%| O|  |TAMS 0x00000000e2600000, 0x00000000e2600000| Untracked 
|  38|0x00000000e2600000, 0x00000000e2700000, 0x00000000e2700000|100%| O|  |TAMS 0x00000000e2700000, 0x00000000e2700000| Untracked 
|  39|0x00000000e2700000, 0x00000000e2800000, 0x00000000e2800000|100%| O|  |TAMS 0x00000000e2800000, 0x00000000e2800000| Untracked 
|  40|0x00000000e2800000, 0x00000000e2900000, 0x00000000e2900000|100%| O|  |TAMS 0x00000000e2800000, 0x00000000e2900000| Untracked 
|  41|0x00000000e2900000, 0x00000000e2a00000, 0x00000000e2a00000|100%| O|  |TAMS 0x00000000e2a00000, 0x00000000e2a00000| Untracked 
|  42|0x00000000e2a00000, 0x00000000e2b00000, 0x00000000e2b00000|100%| O|  |TAMS 0x00000000e2b00000, 0x00000000e2b00000| Untracked 
|  43|0x00000000e2b00000, 0x00000000e2c00000, 0x00000000e2c00000|100%| O|  |TAMS 0x00000000e2c00000, 0x00000000e2c00000| Untracked 
|  44|0x00000000e2c00000, 0x00000000e2d00000, 0x00000000e2d00000|100%| O|  |TAMS 0x00000000e2d00000, 0x00000000e2d00000| Untracked 
|  45|0x00000000e2d00000, 0x00000000e2e00000, 0x00000000e2e00000|100%| O|  |TAMS 0x00000000e2e00000, 0x00000000e2e00000| Untracked 
|  46|0x00000000e2e00000, 0x00000000e2f00000, 0x00000000e2f00000|100%| O|  |TAMS 0x00000000e2f00000, 0x00000000e2f00000| Untracked 
|  47|0x00000000e2f00000, 0x00000000e3000000, 0x00000000e3000000|100%| O|  |TAMS 0x00000000e3000000, 0x00000000e3000000| Untracked 
|  48|0x00000000e3000000, 0x00000000e3100000, 0x00000000e3100000|100%| O|  |TAMS 0x00000000e3100000, 0x00000000e3100000| Untracked 
|  49|0x00000000e3100000, 0x00000000e3200000, 0x00000000e3200000|100%| O|  |TAMS 0x00000000e3100000, 0x00000000e3200000| Untracked 
|  50|0x00000000e3200000, 0x00000000e3300000, 0x00000000e3300000|100%| O|  |TAMS 0x00000000e3300000, 0x00000000e3300000| Untracked 
|  51|0x00000000e3300000, 0x00000000e3400000, 0x00000000e3400000|100%| O|  |TAMS 0x00000000e3400000, 0x00000000e3400000| Untracked 
|  52|0x00000000e3400000, 0x00000000e3500000, 0x00000000e3500000|100%| O|  |TAMS 0x00000000e3500000, 0x00000000e3500000| Untracked 
|  53|0x00000000e3500000, 0x00000000e3600000, 0x00000000e3600000|100%| O|  |TAMS 0x00000000e3500000, 0x00000000e3600000| Untracked 
|  54|0x00000000e3600000, 0x00000000e3600000, 0x00000000e3700000|  0%| F|  |TAMS 0x00000000e3600000, 0x00000000e3600000| Untracked 
|  55|0x00000000e3700000, 0x00000000e3800000, 0x00000000e3800000|100%| O|  |TAMS 0x00000000e3800000, 0x00000000e3800000| Untracked 
|  56|0x00000000e3800000, 0x00000000e3800000, 0x00000000e3900000|  0%| F|  |TAMS 0x00000000e3800000, 0x00000000e3800000| Untracked 
|  57|0x00000000e3900000, 0x00000000e3a00000, 0x00000000e3a00000|100%| O|  |TAMS 0x00000000e3900000, 0x00000000e3a00000| Untracked 
|  58|0x00000000e3a00000, 0x00000000e3b00000, 0x00000000e3b00000|100%| O|  |TAMS 0x00000000e3b00000, 0x00000000e3b00000| Untracked 
|  59|0x00000000e3b00000, 0x00000000e3c00000, 0x00000000e3c00000|100%| O|  |TAMS 0x00000000e3c00000, 0x00000000e3c00000| Untracked 
|  60|0x00000000e3c00000, 0x00000000e3d00000, 0x00000000e3d00000|100%| O|  |TAMS 0x00000000e3d00000, 0x00000000e3d00000| Untracked 
|  61|0x00000000e3d00000, 0x00000000e3e00000, 0x00000000e3e00000|100%| O|  |TAMS 0x00000000e3e00000, 0x00000000e3e00000| Untracked 
|  62|0x00000000e3e00000, 0x00000000e3ee0200, 0x00000000e3f00000| 87%| O|  |TAMS 0x00000000e3e00000, 0x00000000e3ee0200| Untracked 
|  63|0x00000000e3f00000, 0x00000000e3f00000, 0x00000000e4000000|  0%| F|  |TAMS 0x00000000e3f00000, 0x00000000e3f00000| Untracked 
|  64|0x00000000e4000000, 0x00000000e4100000, 0x00000000e4100000|100%| O|  |TAMS 0x00000000e4100000, 0x00000000e4100000| Untracked 
|  65|0x00000000e4100000, 0x00000000e4200000, 0x00000000e4200000|100%| O|  |TAMS 0x00000000e4200000, 0x00000000e4200000| Untracked 
|  66|0x00000000e4200000, 0x00000000e4200000, 0x00000000e4300000|  0%| F|  |TAMS 0x00000000e4200000, 0x00000000e4200000| Untracked 
|  67|0x00000000e4300000, 0x00000000e4300000, 0x00000000e4400000|  0%| F|  |TAMS 0x00000000e4300000, 0x00000000e4300000| Untracked 
|  68|0x00000000e4400000, 0x00000000e4400000, 0x00000000e4500000|  0%| F|  |TAMS 0x00000000e4400000, 0x00000000e4400000| Untracked 
|  69|0x00000000e4500000, 0x00000000e4500000, 0x00000000e4600000|  0%| F|  |TAMS 0x00000000e4500000, 0x00000000e4500000| Untracked 
|  70|0x00000000e4600000, 0x00000000e4600000, 0x00000000e4700000|  0%| F|  |TAMS 0x00000000e4600000, 0x00000000e4600000| Untracked 
|  71|0x00000000e4700000, 0x00000000e4800000, 0x00000000e4800000|100%| O|  |TAMS 0x00000000e4800000, 0x00000000e4800000| Untracked 
|  72|0x00000000e4800000, 0x00000000e4800000, 0x00000000e4900000|  0%| F|  |TAMS 0x00000000e4800000, 0x00000000e4800000| Untracked 
|  73|0x00000000e4900000, 0x00000000e4900000, 0x00000000e4a00000|  0%| F|  |TAMS 0x00000000e4900000, 0x00000000e4900000| Untracked 
|  74|0x00000000e4a00000, 0x00000000e4a00000, 0x00000000e4b00000|  0%| F|  |TAMS 0x00000000e4a00000, 0x00000000e4a00000| Untracked 
|  75|0x00000000e4b00000, 0x00000000e4c00000, 0x00000000e4c00000|100%| O|  |TAMS 0x00000000e4c00000, 0x00000000e4c00000| Untracked 
|  76|0x00000000e4c00000, 0x00000000e4c00000, 0x00000000e4d00000|  0%| F|  |TAMS 0x00000000e4c00000, 0x00000000e4c00000| Untracked 
|  77|0x00000000e4d00000, 0x00000000e4d00000, 0x00000000e4e00000|  0%| F|  |TAMS 0x00000000e4d00000, 0x00000000e4d00000| Untracked 
|  78|0x00000000e4e00000, 0x00000000e4f00000, 0x00000000e4f00000|100%| O|  |TAMS 0x00000000e4f00000, 0x00000000e4f00000| Untracked 
|  79|0x00000000e4f00000, 0x00000000e5000000, 0x00000000e5000000|100%| O|  |TAMS 0x00000000e5000000, 0x00000000e5000000| Untracked 
|  80|0x00000000e5000000, 0x00000000e5000000, 0x00000000e5100000|  0%| F|  |TAMS 0x00000000e5000000, 0x00000000e5000000| Untracked 
|  81|0x00000000e5100000, 0x00000000e5200000, 0x00000000e5200000|100%| O|  |TAMS 0x00000000e5200000, 0x00000000e5200000| Untracked 
|  82|0x00000000e5200000, 0x00000000e5200000, 0x00000000e5300000|  0%| F|  |TAMS 0x00000000e5200000, 0x00000000e5200000| Untracked 
|  83|0x00000000e5300000, 0x00000000e5400000, 0x00000000e5400000|100%| O|  |TAMS 0x00000000e5400000, 0x00000000e5400000| Untracked 
|  84|0x00000000e5400000, 0x00000000e5500000, 0x00000000e5500000|100%| O|  |TAMS 0x00000000e5500000, 0x00000000e5500000| Untracked 
|  85|0x00000000e5500000, 0x00000000e5600000, 0x00000000e5600000|100%| O|  |TAMS 0x00000000e5600000, 0x00000000e5600000| Untracked 
|  86|0x00000000e5600000, 0x00000000e5600000, 0x00000000e5700000|  0%| F|  |TAMS 0x00000000e5600000, 0x00000000e5600000| Untracked 
|  87|0x00000000e5700000, 0x00000000e5800000, 0x00000000e5800000|100%| O|  |TAMS 0x00000000e5800000, 0x00000000e5800000| Untracked 
|  88|0x00000000e5800000, 0x00000000e5800000, 0x00000000e5900000|  0%| F|  |TAMS 0x00000000e5800000, 0x00000000e5800000| Untracked 
|  89|0x00000000e5900000, 0x00000000e5900000, 0x00000000e5a00000|  0%| F|  |TAMS 0x00000000e5900000, 0x00000000e5900000| Untracked 
|  90|0x00000000e5a00000, 0x00000000e5b00000, 0x00000000e5b00000|100%| O|  |TAMS 0x00000000e5b00000, 0x00000000e5b00000| Untracked 
|  91|0x00000000e5b00000, 0x00000000e5b00000, 0x00000000e5c00000|  0%| F|  |TAMS 0x00000000e5b00000, 0x00000000e5b00000| Untracked 
|  92|0x00000000e5c00000, 0x00000000e5c00000, 0x00000000e5d00000|  0%| F|  |TAMS 0x00000000e5c00000, 0x00000000e5c00000| Untracked 
|  93|0x00000000e5d00000, 0x00000000e5e00000, 0x00000000e5e00000|100%| O|  |TAMS 0x00000000e5e00000, 0x00000000e5e00000| Untracked 
|  94|0x00000000e5e00000, 0x00000000e5f00000, 0x00000000e5f00000|100%| O|  |TAMS 0x00000000e5f00000, 0x00000000e5f00000| Untracked 
|  95|0x00000000e5f00000, 0x00000000e5f00000, 0x00000000e6000000|  0%| F|  |TAMS 0x00000000e5f00000, 0x00000000e5f00000| Untracked 
|  96|0x00000000e6000000, 0x00000000e6000000, 0x00000000e6100000|  0%| F|  |TAMS 0x00000000e6000000, 0x00000000e6000000| Untracked 
|  97|0x00000000e6100000, 0x00000000e6200000, 0x00000000e6200000|100%| O|  |TAMS 0x00000000e6200000, 0x00000000e6200000| Untracked 
|  98|0x00000000e6200000, 0x00000000e6300000, 0x00000000e6300000|100%| O|  |TAMS 0x00000000e6300000, 0x00000000e6300000| Untracked 
|  99|0x00000000e6300000, 0x00000000e6400000, 0x00000000e6400000|100%| O|  |TAMS 0x00000000e6400000, 0x00000000e6400000| Untracked 
| 100|0x00000000e6400000, 0x00000000e6500000, 0x00000000e6500000|100%| O|  |TAMS 0x00000000e6500000, 0x00000000e6500000| Untracked 
| 101|0x00000000e6500000, 0x00000000e6600000, 0x00000000e6600000|100%| O|  |TAMS 0x00000000e6600000, 0x00000000e6600000| Untracked 
| 102|0x00000000e6600000, 0x00000000e6600000, 0x00000000e6700000|  0%| F|  |TAMS 0x00000000e6600000, 0x00000000e6600000| Untracked 
| 103|0x00000000e6700000, 0x00000000e6700000, 0x00000000e6800000|  0%| F|  |TAMS 0x00000000e6700000, 0x00000000e6700000| Untracked 
| 104|0x00000000e6800000, 0x00000000e6900000, 0x00000000e6900000|100%| O|  |TAMS 0x00000000e6900000, 0x00000000e6900000| Untracked 
| 105|0x00000000e6900000, 0x00000000e6900000, 0x00000000e6a00000|  0%| F|  |TAMS 0x00000000e6900000, 0x00000000e6900000| Untracked 
| 106|0x00000000e6a00000, 0x00000000e6a00000, 0x00000000e6b00000|  0%| F|  |TAMS 0x00000000e6a00000, 0x00000000e6a00000| Untracked 
| 107|0x00000000e6b00000, 0x00000000e6b00000, 0x00000000e6c00000|  0%| F|  |TAMS 0x00000000e6b00000, 0x00000000e6b00000| Untracked 
| 108|0x00000000e6c00000, 0x00000000e6c00000, 0x00000000e6d00000|  0%| F|  |TAMS 0x00000000e6c00000, 0x00000000e6c00000| Untracked 
| 109|0x00000000e6d00000, 0x00000000e6d00000, 0x00000000e6e00000|  0%| F|  |TAMS 0x00000000e6d00000, 0x00000000e6d00000| Untracked 
| 110|0x00000000e6e00000, 0x00000000e6f00000, 0x00000000e6f00000|100%| O|  |TAMS 0x00000000e6f00000, 0x00000000e6f00000| Untracked 
| 111|0x00000000e6f00000, 0x00000000e7000000, 0x00000000e7000000|100%| O|  |TAMS 0x00000000e7000000, 0x00000000e7000000| Untracked 
| 112|0x00000000e7000000, 0x00000000e7100000, 0x00000000e7100000|100%| O|  |TAMS 0x00000000e7100000, 0x00000000e7100000| Untracked 
| 113|0x00000000e7100000, 0x00000000e7100000, 0x00000000e7200000|  0%| F|  |TAMS 0x00000000e7100000, 0x00000000e7100000| Untracked 
| 114|0x00000000e7200000, 0x00000000e7300000, 0x00000000e7300000|100%| O|  |TAMS 0x00000000e7300000, 0x00000000e7300000| Untracked 
| 115|0x00000000e7300000, 0x00000000e7400000, 0x00000000e7400000|100%| O|  |TAMS 0x00000000e7400000, 0x00000000e7400000| Untracked 
| 116|0x00000000e7400000, 0x00000000e7500000, 0x00000000e7500000|100%| O|  |TAMS 0x00000000e7500000, 0x00000000e7500000| Untracked 
| 117|0x00000000e7500000, 0x00000000e7500000, 0x00000000e7600000|  0%| F|  |TAMS 0x00000000e7500000, 0x00000000e7500000| Untracked 
| 118|0x00000000e7600000, 0x00000000e7700000, 0x00000000e7700000|100%| O|  |TAMS 0x00000000e7700000, 0x00000000e7700000| Untracked 
| 119|0x00000000e7700000, 0x00000000e7800000, 0x00000000e7800000|100%| O|  |TAMS 0x00000000e7800000, 0x00000000e7800000| Untracked 
| 120|0x00000000e7800000, 0x00000000e7800000, 0x00000000e7900000|  0%| F|  |TAMS 0x00000000e7800000, 0x00000000e7800000| Untracked 
| 121|0x00000000e7900000, 0x00000000e7a00000, 0x00000000e7a00000|100%| O|  |TAMS 0x00000000e7a00000, 0x00000000e7a00000| Untracked 
| 122|0x00000000e7a00000, 0x00000000e7b00000, 0x00000000e7b00000|100%| O|  |TAMS 0x00000000e7b00000, 0x00000000e7b00000| Untracked 
| 123|0x00000000e7b00000, 0x00000000e7b00000, 0x00000000e7c00000|  0%| F|  |TAMS 0x00000000e7b00000, 0x00000000e7b00000| Untracked 
| 124|0x00000000e7c00000, 0x00000000e7d00000, 0x00000000e7d00000|100%| O|  |TAMS 0x00000000e7d00000, 0x00000000e7d00000| Untracked 
| 125|0x00000000e7d00000, 0x00000000e7e00000, 0x00000000e7e00000|100%| O|  |TAMS 0x00000000e7e00000, 0x00000000e7e00000| Untracked 
| 126|0x00000000e7e00000, 0x00000000e7e00000, 0x00000000e7f00000|  0%| F|  |TAMS 0x00000000e7e00000, 0x00000000e7e00000| Untracked 
| 127|0x00000000e7f00000, 0x00000000e7f00000, 0x00000000e8000000|  0%| F|  |TAMS 0x00000000e7f00000, 0x00000000e7f00000| Untracked 
| 128|0x00000000e8000000, 0x00000000e8000000, 0x00000000e8100000|  0%| F|  |TAMS 0x00000000e8000000, 0x00000000e8000000| Untracked 
| 129|0x00000000e8100000, 0x00000000e8200000, 0x00000000e8200000|100%| O|  |TAMS 0x00000000e8200000, 0x00000000e8200000| Untracked 
| 130|0x00000000e8200000, 0x00000000e8200000, 0x00000000e8300000|  0%| F|  |TAMS 0x00000000e8200000, 0x00000000e8200000| Untracked 
| 131|0x00000000e8300000, 0x00000000e8300000, 0x00000000e8400000|  0%| F|  |TAMS 0x00000000e8300000, 0x00000000e8300000| Untracked 
| 132|0x00000000e8400000, 0x00000000e8500000, 0x00000000e8500000|100%| O|  |TAMS 0x00000000e8460e00, 0x00000000e8500000| Untracked 
| 133|0x00000000e8500000, 0x00000000e8500000, 0x00000000e8600000|  0%| F|  |TAMS 0x00000000e8500000, 0x00000000e8500000| Untracked 
| 134|0x00000000e8600000, 0x00000000e8600000, 0x00000000e8700000|  0%| F|  |TAMS 0x00000000e8600000, 0x00000000e8600000| Untracked 
| 135|0x00000000e8700000, 0x00000000e8800000, 0x00000000e8800000|100%| O|  |TAMS 0x00000000e8800000, 0x00000000e8800000| Untracked 
| 136|0x00000000e8800000, 0x00000000e8800000, 0x00000000e8900000|  0%| F|  |TAMS 0x00000000e8800000, 0x00000000e8800000| Untracked 
| 137|0x00000000e8900000, 0x00000000e8900000, 0x00000000e8a00000|  0%| F|  |TAMS 0x00000000e8900000, 0x00000000e8900000| Untracked 
| 138|0x00000000e8a00000, 0x00000000e8b00000, 0x00000000e8b00000|100%| O|  |TAMS 0x00000000e8b00000, 0x00000000e8b00000| Untracked 
| 139|0x00000000e8b00000, 0x00000000e8c00000, 0x00000000e8c00000|100%| O|  |TAMS 0x00000000e8c00000, 0x00000000e8c00000| Untracked 
| 140|0x00000000e8c00000, 0x00000000e8c00000, 0x00000000e8d00000|  0%| F|  |TAMS 0x00000000e8c00000, 0x00000000e8c00000| Untracked 
| 141|0x00000000e8d00000, 0x00000000e8d00000, 0x00000000e8e00000|  0%| F|  |TAMS 0x00000000e8d00000, 0x00000000e8d00000| Untracked 
| 142|0x00000000e8e00000, 0x00000000e8f00000, 0x00000000e8f00000|100%| O|  |TAMS 0x00000000e8f00000, 0x00000000e8f00000| Untracked 
| 143|0x00000000e8f00000, 0x00000000e9000000, 0x00000000e9000000|100%| O|  |TAMS 0x00000000e9000000, 0x00000000e9000000| Untracked 
| 144|0x00000000e9000000, 0x00000000e9000000, 0x00000000e9100000|  0%| F|  |TAMS 0x00000000e9000000, 0x00000000e9000000| Untracked 
| 145|0x00000000e9100000, 0x00000000e9100000, 0x00000000e9200000|  0%| F|  |TAMS 0x00000000e9100000, 0x00000000e9100000| Untracked 
| 146|0x00000000e9200000, 0x00000000e9200000, 0x00000000e9300000|  0%| F|  |TAMS 0x00000000e9200000, 0x00000000e9200000| Untracked 
| 147|0x00000000e9300000, 0x00000000e9300000, 0x00000000e9400000|  0%| F|  |TAMS 0x00000000e9300000, 0x00000000e9300000| Untracked 
| 148|0x00000000e9400000, 0x00000000e9400000, 0x00000000e9500000|  0%| F|  |TAMS 0x00000000e9400000, 0x00000000e9400000| Untracked 
| 149|0x00000000e9500000, 0x00000000e9500000, 0x00000000e9600000|  0%| F|  |TAMS 0x00000000e9500000, 0x00000000e9500000| Untracked 
| 150|0x00000000e9600000, 0x00000000e9600000, 0x00000000e9700000|  0%| F|  |TAMS 0x00000000e9600000, 0x00000000e9600000| Untracked 
| 151|0x00000000e9700000, 0x00000000e9700000, 0x00000000e9800000|  0%| F|  |TAMS 0x00000000e9700000, 0x00000000e9700000| Untracked 
| 152|0x00000000e9800000, 0x00000000e9800000, 0x00000000e9900000|  0%| F|  |TAMS 0x00000000e9800000, 0x00000000e9800000| Untracked 
| 153|0x00000000e9900000, 0x00000000e9900000, 0x00000000e9a00000|  0%| F|  |TAMS 0x00000000e9900000, 0x00000000e9900000| Untracked 
| 154|0x00000000e9a00000, 0x00000000e9a00000, 0x00000000e9b00000|  0%| F|  |TAMS 0x00000000e9a00000, 0x00000000e9a00000| Untracked 
| 155|0x00000000e9b00000, 0x00000000e9b00000, 0x00000000e9c00000|  0%| F|  |TAMS 0x00000000e9b00000, 0x00000000e9b00000| Untracked 
| 156|0x00000000e9c00000, 0x00000000e9c00000, 0x00000000e9d00000|  0%| F|  |TAMS 0x00000000e9c00000, 0x00000000e9c00000| Untracked 
| 157|0x00000000e9d00000, 0x00000000e9d00000, 0x00000000e9e00000|  0%| F|  |TAMS 0x00000000e9d00000, 0x00000000e9d00000| Untracked 
| 158|0x00000000e9e00000, 0x00000000e9e00000, 0x00000000e9f00000|  0%| F|  |TAMS 0x00000000e9e00000, 0x00000000e9e00000| Untracked 
| 159|0x00000000e9f00000, 0x00000000e9fcb710, 0x00000000ea000000| 79%| S|CS|TAMS 0x00000000e9f00000, 0x00000000e9f00000| Complete 
| 160|0x00000000ea000000, 0x00000000ea100000, 0x00000000ea100000|100%| S|CS|TAMS 0x00000000ea000000, 0x00000000ea000000| Complete 
| 161|0x00000000ea100000, 0x00000000ea200000, 0x00000000ea200000|100%| S|CS|TAMS 0x00000000ea100000, 0x00000000ea100000| Complete 
| 162|0x00000000ea200000, 0x00000000ea300000, 0x00000000ea300000|100%| S|CS|TAMS 0x00000000ea200000, 0x00000000ea200000| Complete 
| 163|0x00000000ea300000, 0x00000000ea300000, 0x00000000ea400000|  0%| F|  |TAMS 0x00000000ea300000, 0x00000000ea300000| Untracked 
| 164|0x00000000ea400000, 0x00000000ea400000, 0x00000000ea500000|  0%| F|  |TAMS 0x00000000ea400000, 0x00000000ea400000| Untracked 
| 165|0x00000000ea500000, 0x00000000ea500000, 0x00000000ea600000|  0%| F|  |TAMS 0x00000000ea500000, 0x00000000ea500000| Untracked 
| 166|0x00000000ea600000, 0x00000000ea600000, 0x00000000ea700000|  0%| F|  |TAMS 0x00000000ea600000, 0x00000000ea600000| Untracked 
| 167|0x00000000ea700000, 0x00000000ea700000, 0x00000000ea800000|  0%| F|  |TAMS 0x00000000ea700000, 0x00000000ea700000| Untracked 
| 168|0x00000000ea800000, 0x00000000ea800000, 0x00000000ea900000|  0%| F|  |TAMS 0x00000000ea800000, 0x00000000ea800000| Untracked 
| 169|0x00000000ea900000, 0x00000000ea900000, 0x00000000eaa00000|  0%| F|  |TAMS 0x00000000ea900000, 0x00000000ea900000| Untracked 
| 170|0x00000000eaa00000, 0x00000000eaa00000, 0x00000000eab00000|  0%| F|  |TAMS 0x00000000eaa00000, 0x00000000eaa00000| Untracked 
| 171|0x00000000eab00000, 0x00000000eab00000, 0x00000000eac00000|  0%| F|  |TAMS 0x00000000eab00000, 0x00000000eab00000| Untracked 
| 172|0x00000000eac00000, 0x00000000eac00000, 0x00000000ead00000|  0%| F|  |TAMS 0x00000000eac00000, 0x00000000eac00000| Untracked 
| 173|0x00000000ead00000, 0x00000000ead00000, 0x00000000eae00000|  0%| F|  |TAMS 0x00000000ead00000, 0x00000000ead00000| Untracked 
| 174|0x00000000eae00000, 0x00000000eae00000, 0x00000000eaf00000|  0%| F|  |TAMS 0x00000000eae00000, 0x00000000eae00000| Untracked 
| 175|0x00000000eaf00000, 0x00000000eaf00000, 0x00000000eb000000|  0%| F|  |TAMS 0x00000000eaf00000, 0x00000000eaf00000| Untracked 
| 176|0x00000000eb000000, 0x00000000eb000000, 0x00000000eb100000|  0%| F|  |TAMS 0x00000000eb000000, 0x00000000eb000000| Untracked 
| 177|0x00000000eb100000, 0x00000000eb100000, 0x00000000eb200000|  0%| F|  |TAMS 0x00000000eb100000, 0x00000000eb100000| Untracked 
| 178|0x00000000eb200000, 0x00000000eb200000, 0x00000000eb300000|  0%| F|  |TAMS 0x00000000eb200000, 0x00000000eb200000| Untracked 
| 179|0x00000000eb300000, 0x00000000eb300000, 0x00000000eb400000|  0%| F|  |TAMS 0x00000000eb300000, 0x00000000eb300000| Untracked 
| 180|0x00000000eb400000, 0x00000000eb400000, 0x00000000eb500000|  0%| F|  |TAMS 0x00000000eb400000, 0x00000000eb400000| Untracked 
| 181|0x00000000eb500000, 0x00000000eb500000, 0x00000000eb600000|  0%| F|  |TAMS 0x00000000eb500000, 0x00000000eb500000| Untracked 
| 182|0x00000000eb600000, 0x00000000eb600000, 0x00000000eb700000|  0%| F|  |TAMS 0x00000000eb600000, 0x00000000eb600000| Untracked 
| 183|0x00000000eb700000, 0x00000000eb700000, 0x00000000eb800000|  0%| F|  |TAMS 0x00000000eb700000, 0x00000000eb700000| Untracked 
| 184|0x00000000eb800000, 0x00000000eb800000, 0x00000000eb900000|  0%| F|  |TAMS 0x00000000eb800000, 0x00000000eb800000| Untracked 
| 185|0x00000000eb900000, 0x00000000eb900000, 0x00000000eba00000|  0%| F|  |TAMS 0x00000000eb900000, 0x00000000eb900000| Untracked 
| 186|0x00000000eba00000, 0x00000000eba00000, 0x00000000ebb00000|  0%| F|  |TAMS 0x00000000eba00000, 0x00000000eba00000| Untracked 
| 187|0x00000000ebb00000, 0x00000000ebb00000, 0x00000000ebc00000|  0%| F|  |TAMS 0x00000000ebb00000, 0x00000000ebb00000| Untracked 
| 188|0x00000000ebc00000, 0x00000000ebc00000, 0x00000000ebd00000|  0%| F|  |TAMS 0x00000000ebc00000, 0x00000000ebc00000| Untracked 
| 189|0x00000000ebd00000, 0x00000000ebd00000, 0x00000000ebe00000|  0%| F|  |TAMS 0x00000000ebd00000, 0x00000000ebd00000| Untracked 
| 190|0x00000000ebe00000, 0x00000000ebe00000, 0x00000000ebf00000|  0%| F|  |TAMS 0x00000000ebe00000, 0x00000000ebe00000| Untracked 
| 191|0x00000000ebf00000, 0x00000000ebf00000, 0x00000000ec000000|  0%| F|  |TAMS 0x00000000ebf00000, 0x00000000ebf00000| Untracked 
| 192|0x00000000ec000000, 0x00000000ec000000, 0x00000000ec100000|  0%| F|  |TAMS 0x00000000ec000000, 0x00000000ec000000| Untracked 
| 193|0x00000000ec100000, 0x00000000ec100000, 0x00000000ec200000|  0%| F|  |TAMS 0x00000000ec100000, 0x00000000ec100000| Untracked 
| 194|0x00000000ec200000, 0x00000000ec200000, 0x00000000ec300000|  0%| F|  |TAMS 0x00000000ec200000, 0x00000000ec200000| Untracked 
| 195|0x00000000ec300000, 0x00000000ec300000, 0x00000000ec400000|  0%| F|  |TAMS 0x00000000ec300000, 0x00000000ec300000| Untracked 
| 196|0x00000000ec400000, 0x00000000ec400000, 0x00000000ec500000|  0%| F|  |TAMS 0x00000000ec400000, 0x00000000ec400000| Untracked 
| 197|0x00000000ec500000, 0x00000000ec500000, 0x00000000ec600000|  0%| F|  |TAMS 0x00000000ec500000, 0x00000000ec500000| Untracked 
| 198|0x00000000ec600000, 0x00000000ec600000, 0x00000000ec700000|  0%| F|  |TAMS 0x00000000ec600000, 0x00000000ec600000| Untracked 
| 199|0x00000000ec700000, 0x00000000ec700000, 0x00000000ec800000|  0%| F|  |TAMS 0x00000000ec700000, 0x00000000ec700000| Untracked 
| 200|0x00000000ec800000, 0x00000000ec800000, 0x00000000ec900000|  0%| F|  |TAMS 0x00000000ec800000, 0x00000000ec800000| Untracked 
| 201|0x00000000ec900000, 0x00000000ec900000, 0x00000000eca00000|  0%| F|  |TAMS 0x00000000ec900000, 0x00000000ec900000| Untracked 
| 202|0x00000000eca00000, 0x00000000eca00000, 0x00000000ecb00000|  0%| F|  |TAMS 0x00000000eca00000, 0x00000000eca00000| Untracked 
| 203|0x00000000ecb00000, 0x00000000ecb00000, 0x00000000ecc00000|  0%| F|  |TAMS 0x00000000ecb00000, 0x00000000ecb00000| Untracked 
| 204|0x00000000ecc00000, 0x00000000ecc00000, 0x00000000ecd00000|  0%| F|  |TAMS 0x00000000ecc00000, 0x00000000ecc00000| Untracked 
| 205|0x00000000ecd00000, 0x00000000ecd00000, 0x00000000ece00000|  0%| F|  |TAMS 0x00000000ecd00000, 0x00000000ecd00000| Untracked 
| 206|0x00000000ece00000, 0x00000000ece00000, 0x00000000ecf00000|  0%| F|  |TAMS 0x00000000ece00000, 0x00000000ece00000| Untracked 
| 207|0x00000000ecf00000, 0x00000000ecf00000, 0x00000000ed000000|  0%| F|  |TAMS 0x00000000ecf00000, 0x00000000ecf00000| Untracked 
| 208|0x00000000ed000000, 0x00000000ed000000, 0x00000000ed100000|  0%| F|  |TAMS 0x00000000ed000000, 0x00000000ed000000| Untracked 
| 209|0x00000000ed100000, 0x00000000ed100000, 0x00000000ed200000|  0%| F|  |TAMS 0x00000000ed100000, 0x00000000ed100000| Untracked 
| 210|0x00000000ed200000, 0x00000000ed200000, 0x00000000ed300000|  0%| F|  |TAMS 0x00000000ed200000, 0x00000000ed200000| Untracked 
| 211|0x00000000ed300000, 0x00000000ed300000, 0x00000000ed400000|  0%| F|  |TAMS 0x00000000ed300000, 0x00000000ed300000| Untracked 
| 212|0x00000000ed400000, 0x00000000ed400000, 0x00000000ed500000|  0%| F|  |TAMS 0x00000000ed400000, 0x00000000ed400000| Untracked 
| 213|0x00000000ed500000, 0x00000000ed500000, 0x00000000ed600000|  0%| F|  |TAMS 0x00000000ed500000, 0x00000000ed500000| Untracked 
| 214|0x00000000ed600000, 0x00000000ed600000, 0x00000000ed700000|  0%| F|  |TAMS 0x00000000ed600000, 0x00000000ed600000| Untracked 
| 215|0x00000000ed700000, 0x00000000ed700000, 0x00000000ed800000|  0%| F|  |TAMS 0x00000000ed700000, 0x00000000ed700000| Untracked 
| 216|0x00000000ed800000, 0x00000000ed800000, 0x00000000ed900000|  0%| F|  |TAMS 0x00000000ed800000, 0x00000000ed800000| Untracked 
| 217|0x00000000ed900000, 0x00000000ed900000, 0x00000000eda00000|  0%| F|  |TAMS 0x00000000ed900000, 0x00000000ed900000| Untracked 
| 218|0x00000000eda00000, 0x00000000eda00000, 0x00000000edb00000|  0%| F|  |TAMS 0x00000000eda00000, 0x00000000eda00000| Untracked 
| 219|0x00000000edb00000, 0x00000000edb00000, 0x00000000edc00000|  0%| F|  |TAMS 0x00000000edb00000, 0x00000000edb00000| Untracked 
| 220|0x00000000edc00000, 0x00000000edc00000, 0x00000000edd00000|  0%| F|  |TAMS 0x00000000edc00000, 0x00000000edc00000| Untracked 
| 221|0x00000000edd00000, 0x00000000edd00000, 0x00000000ede00000|  0%| F|  |TAMS 0x00000000edd00000, 0x00000000edd00000| Untracked 
| 222|0x00000000ede00000, 0x00000000ede00000, 0x00000000edf00000|  0%| F|  |TAMS 0x00000000ede00000, 0x00000000ede00000| Untracked 
| 223|0x00000000edf00000, 0x00000000edf00000, 0x00000000ee000000|  0%| F|  |TAMS 0x00000000edf00000, 0x00000000edf00000| Untracked 
| 224|0x00000000ee000000, 0x00000000ee000000, 0x00000000ee100000|  0%| F|  |TAMS 0x00000000ee000000, 0x00000000ee000000| Untracked 
| 225|0x00000000ee100000, 0x00000000ee100000, 0x00000000ee200000|  0%| F|  |TAMS 0x00000000ee100000, 0x00000000ee100000| Untracked 
| 226|0x00000000ee200000, 0x00000000ee200000, 0x00000000ee300000|  0%| F|  |TAMS 0x00000000ee200000, 0x00000000ee200000| Untracked 
| 227|0x00000000ee300000, 0x00000000ee300000, 0x00000000ee400000|  0%| F|  |TAMS 0x00000000ee300000, 0x00000000ee300000| Untracked 
| 228|0x00000000ee400000, 0x00000000ee400000, 0x00000000ee500000|  0%| F|  |TAMS 0x00000000ee400000, 0x00000000ee400000| Untracked 
| 229|0x00000000ee500000, 0x00000000ee500000, 0x00000000ee600000|  0%| F|  |TAMS 0x00000000ee500000, 0x00000000ee500000| Untracked 
| 230|0x00000000ee600000, 0x00000000ee600000, 0x00000000ee700000|  0%| F|  |TAMS 0x00000000ee600000, 0x00000000ee600000| Untracked 
| 231|0x00000000ee700000, 0x00000000ee700000, 0x00000000ee800000|  0%| F|  |TAMS 0x00000000ee700000, 0x00000000ee700000| Untracked 
| 232|0x00000000ee800000, 0x00000000ee800000, 0x00000000ee900000|  0%| F|  |TAMS 0x00000000ee800000, 0x00000000ee800000| Untracked 
| 233|0x00000000ee900000, 0x00000000ee900000, 0x00000000eea00000|  0%| F|  |TAMS 0x00000000ee900000, 0x00000000ee900000| Untracked 
| 234|0x00000000eea00000, 0x00000000eea00000, 0x00000000eeb00000|  0%| F|  |TAMS 0x00000000eea00000, 0x00000000eea00000| Untracked 
| 235|0x00000000eeb00000, 0x00000000eeb00000, 0x00000000eec00000|  0%| F|  |TAMS 0x00000000eeb00000, 0x00000000eeb00000| Untracked 
| 236|0x00000000eec00000, 0x00000000eec00000, 0x00000000eed00000|  0%| F|  |TAMS 0x00000000eec00000, 0x00000000eec00000| Untracked 
| 237|0x00000000eed00000, 0x00000000eed00000, 0x00000000eee00000|  0%| F|  |TAMS 0x00000000eed00000, 0x00000000eed00000| Untracked 
| 238|0x00000000eee00000, 0x00000000eee00000, 0x00000000eef00000|  0%| F|  |TAMS 0x00000000eee00000, 0x00000000eee00000| Untracked 
| 239|0x00000000eef00000, 0x00000000eef00000, 0x00000000ef000000|  0%| F|  |TAMS 0x00000000eef00000, 0x00000000eef00000| Untracked 
| 240|0x00000000ef000000, 0x00000000ef000000, 0x00000000ef100000|  0%| F|  |TAMS 0x00000000ef000000, 0x00000000ef000000| Untracked 
| 241|0x00000000ef100000, 0x00000000ef100000, 0x00000000ef200000|  0%| F|  |TAMS 0x00000000ef100000, 0x00000000ef100000| Untracked 
| 242|0x00000000ef200000, 0x00000000ef200000, 0x00000000ef300000|  0%| F|  |TAMS 0x00000000ef200000, 0x00000000ef200000| Untracked 
| 243|0x00000000ef300000, 0x00000000ef300000, 0x00000000ef400000|  0%| F|  |TAMS 0x00000000ef300000, 0x00000000ef300000| Untracked 
| 244|0x00000000ef400000, 0x00000000ef400000, 0x00000000ef500000|  0%| F|  |TAMS 0x00000000ef400000, 0x00000000ef400000| Untracked 
| 245|0x00000000ef500000, 0x00000000ef500000, 0x00000000ef600000|  0%| F|  |TAMS 0x00000000ef500000, 0x00000000ef500000| Untracked 
| 246|0x00000000ef600000, 0x00000000ef600000, 0x00000000ef700000|  0%| F|  |TAMS 0x00000000ef600000, 0x00000000ef600000| Untracked 
| 247|0x00000000ef700000, 0x00000000ef74b938, 0x00000000ef800000| 29%| E|  |TAMS 0x00000000ef700000, 0x00000000ef700000| Complete 
| 248|0x00000000ef800000, 0x00000000ef900000, 0x00000000ef900000|100%| E|CS|TAMS 0x00000000ef800000, 0x00000000ef800000| Complete 
| 249|0x00000000ef900000, 0x00000000efa00000, 0x00000000efa00000|100%| E|CS|TAMS 0x00000000ef900000, 0x00000000ef900000| Complete 
| 250|0x00000000efa00000, 0x00000000efb00000, 0x00000000efb00000|100%| E|CS|TAMS 0x00000000efa00000, 0x00000000efa00000| Complete 
| 251|0x00000000efb00000, 0x00000000efc00000, 0x00000000efc00000|100%| E|CS|TAMS 0x00000000efb00000, 0x00000000efb00000| Complete 
| 252|0x00000000efc00000, 0x00000000efd00000, 0x00000000efd00000|100%| E|CS|TAMS 0x00000000efc00000, 0x00000000efc00000| Complete 
| 253|0x00000000efd00000, 0x00000000efe00000, 0x00000000efe00000|100%| E|CS|TAMS 0x00000000efd00000, 0x00000000efd00000| Complete 
| 254|0x00000000efe00000, 0x00000000eff00000, 0x00000000eff00000|100%| E|CS|TAMS 0x00000000efe00000, 0x00000000efe00000| Complete 
| 255|0x00000000eff00000, 0x00000000f0000000, 0x00000000f0000000|100%| E|CS|TAMS 0x00000000eff00000, 0x00000000eff00000| Complete 

Card table byte_map: [0x000001bb7cb00000,0x000001bb7cc00000] _byte_map_base: 0x000001bb7c400000

Marking Bits (Prev, Next): (CMBitMap*) 0x000001bb6572b418, (CMBitMap*) 0x000001bb6572b3d8
 Prev Bits: [0x000001bb7d500000, 0x000001bb7dd00000)
 Next Bits: [0x000001bb7cd00000, 0x000001bb7d500000)

Polling page: 0x000001bb63590000

Metaspace:

Usage:
  Non-class:     73.02 MB capacity,    70.92 MB ( 97%) used,     1.86 MB (  3%) free+waste,   245.50 KB ( <1%) overhead. 
      Class:     11.28 MB capacity,    10.17 MB ( 90%) used,  1018.41 KB (  9%) free+waste,   111.88 KB ( <1%) overhead. 
       Both:     84.30 MB capacity,    81.10 MB ( 96%) used,     2.85 MB (  3%) free+waste,   357.38 KB ( <1%) overhead. 

Virtual space:
  Non-class space:       74.00 MB reserved,      73.25 MB ( 99%) committed 
      Class space:      248.00 MB reserved,      11.32 MB (  5%) committed 
             Both:      322.00 MB reserved,      84.57 MB ( 26%) committed 

Chunk freelists:
   Non-Class:  384 bytes
       Class:  0 bytes
        Both:  384 bytes

CodeHeap 'non-profiled nmethods': size=120064Kb used=13847Kb max_used=13847Kb free=106216Kb
 bounds [0x000001bb755c0000, 0x000001bb76350000, 0x000001bb7cb00000]
CodeHeap 'profiled nmethods': size=120000Kb used=31565Kb max_used=31565Kb free=88434Kb
 bounds [0x000001bb6e090000, 0x000001bb6ffa0000, 0x000001bb755c0000]
CodeHeap 'non-nmethods': size=5696Kb used=2339Kb max_used=2402Kb free=3356Kb
 bounds [0x000001bb6db00000, 0x000001bb6dd70000, 0x000001bb6e090000]
 total_blobs=24866 nmethods=14711 adapters=840
 compilation: enabled
              stopped_count=0, restarted_count=0
 full_count=0

Compilation events (10 events):
Event: 14852.731 Thread 0x000001bb003f2000 nmethod 18160 0x000001bb76347810 code [0x000001bb763479c0, 0x000001bb76347af8]
Event: 14852.731 Thread 0x000001bb003f2000 18161       1       org.gradle.api.internal.file.AbstractBaseDirFileResolver::canResolveRelativePath (2 bytes)
Event: 14852.732 Thread 0x000001bb003f2000 nmethod 18161 0x000001bb76347b90 code [0x000001bb76347d40, 0x000001bb76347e78]
Event: 14852.732 Thread 0x000001bb003f2000 18162       1       org.gradle.StartParameter::isWriteDependencyLocks (5 bytes)
Event: 14852.732 Thread 0x000001bb003f2000 nmethod 18162 0x000001bb76347f10 code [0x000001bb763480c0, 0x000001bb763481f8]
Event: 14852.732 Thread 0x000001bb003f2000 18163       1       org.gradle.StartParameter::getLockedDependenciesToUpdate (5 bytes)
Event: 14852.732 Thread 0x000001bb003f2000 nmethod 18163 0x000001bb76348290 code [0x000001bb76348440, 0x000001bb76348578]
Event: 14852.733 Thread 0x000001bb003eb800 18164       4       java.util.BitSet::clear (70 bytes)
Event: 14852.736 Thread 0x000001bb003eb800 nmethod 18164 0x000001bb76348610 code [0x000001bb763487c0, 0x000001bb76348918]
Event: 14852.741 Thread 0x000001bb02d35800 18165       4       org.gradle.api.internal.artifacts.ivyservice.resolveengine.result.StreamingResolutionResultBuilder::visitEdges (74 bytes)

GC Heap History (10 events):
Event: 6721.491 GC heap before
{Heap before GC invocations=45 (full 0):
 garbage-first heap   total 262144K, used 137658K [0x00000000e0000000, 0x0000000100000000)
  region size 1024K, 12 young (12288K), 10 survivors (10240K)
 Metaspace       used 82813K, capacity 86022K, committed 86348K, reserved 329728K
  class space    used 10390K, capacity 11498K, committed 11596K, reserved 253952K
}
Event: 6721.529 GC heap after
{Heap after GC invocations=46 (full 0):
 garbage-first heap   total 262144K, used 121668K [0x00000000e0000000, 0x0000000100000000)
  region size 1024K, 2 young (2048K), 2 survivors (2048K)
 Metaspace       used 82813K, capacity 86022K, committed 86348K, reserved 329728K
  class space    used 10390K, capacity 11498K, committed 11596K, reserved 253952K
}
Event: 6723.255 GC heap before
{Heap before GC invocations=46 (full 0):
 garbage-first heap   total 262144K, used 196420K [0x00000000e0000000, 0x0000000100000000)
  region size 1024K, 75 young (76800K), 2 survivors (2048K)
 Metaspace       used 82903K, capacity 86122K, committed 86348K, reserved 329728K
  class space    used 10408K, capacity 11531K, committed 11596K, reserved 253952K
}
Event: 6723.269 GC heap after
{Heap after GC invocations=47 (full 0):
 garbage-first heap   total 262144K, used 122358K [0x00000000e0000000, 0x0000000100000000)
  region size 1024K, 3 young (3072K), 3 survivors (3072K)
 Metaspace       used 82903K, capacity 86122K, committed 86348K, reserved 329728K
  class space    used 10408K, capacity 11531K, committed 11596K, reserved 253952K
}
Event: 14474.775 GC heap before
{Heap before GC invocations=48 (full 0):
 garbage-first heap   total 262144K, used 195062K [0x00000000e0000000, 0x0000000100000000)
  region size 1024K, 79 young (80896K), 3 survivors (3072K)
 Metaspace       used 82951K, capacity 86289K, committed 86348K, reserved 329728K
  class space    used 10414K, capacity 11543K, committed 11596K, reserved 253952K
}
Event: 14474.783 GC heap after
{Heap after GC invocations=49 (full 0):
 garbage-first heap   total 262144K, used 116409K [0x00000000e0000000, 0x0000000100000000)
  region size 1024K, 2 young (2048K), 2 survivors (2048K)
 Metaspace       used 82951K, capacity 86289K, committed 86348K, reserved 329728K
  class space    used 10414K, capacity 11543K, committed 11596K, reserved 253952K
}
Event: 14474.924 GC heap before
{Heap before GC invocations=49 (full 0):
 garbage-first heap   total 262144K, used 126649K [0x00000000e0000000, 0x0000000100000000)
  region size 1024K, 12 young (12288K), 2 survivors (2048K)
 Metaspace       used 82951K, capacity 86289K, committed 86348K, reserved 329728K
  class space    used 10414K, capacity 11543K, committed 11596K, reserved 253952K
}
Event: 14474.946 GC heap after
{Heap after GC invocations=50 (full 0):
 garbage-first heap   total 262144K, used 102544K [0x00000000e0000000, 0x0000000100000000)
  region size 1024K, 1 young (1024K), 1 survivors (1024K)
 Metaspace       used 82951K, capacity 86289K, committed 86348K, reserved 329728K
  class space    used 10414K, capacity 11543K, committed 11596K, reserved 253952K
}
Event: 14852.381 GC heap before
{Heap before GC invocations=50 (full 0):
 garbage-first heap   total 262144K, used 195728K [0x00000000e0000000, 0x0000000100000000)
  region size 1024K, 93 young (95232K), 1 survivors (1024K)
 Metaspace       used 83023K, capacity 86321K, committed 86604K, reserved 329728K
  class space    used 10417K, capacity 11548K, committed 11596K, reserved 253952K
}
Event: 14852.415 GC heap after
{Heap after GC invocations=51 (full 0):
 garbage-first heap   total 262144K, used 106158K [0x00000000e0000000, 0x0000000100000000)
  region size 1024K, 4 young (4096K), 4 survivors (4096K)
 Metaspace       used 83023K, capacity 86321K, committed 86604K, reserved 329728K
  class space    used 10417K, capacity 11548K, committed 11596K, reserved 253952K
}

Deoptimization events (10 events):
Event: 6478.624 Thread 0x000001bb05cfc000 Uncommon trap: reason=profile_predicate action=maybe_recompile pc=0x000001bb7585b5b4 method=com.google.common.base.Joiner.appendTo(Ljava/lang/Appendable;Ljava/util/Iterator;)Ljava/lang/Appendable; @ 37 c2
Event: 6478.624 Thread 0x000001bb05cfc000 Uncommon trap: reason=profile_predicate action=maybe_recompile pc=0x000001bb7585b5b4 method=com.google.common.base.Joiner.appendTo(Ljava/lang/Appendable;Ljava/util/Iterator;)Ljava/lang/Appendable; @ 37 c2
Event: 6478.624 Thread 0x000001bb05cfc000 Uncommon trap: reason=profile_predicate action=maybe_recompile pc=0x000001bb7585b5b4 method=com.google.common.base.Joiner.appendTo(Ljava/lang/Appendable;Ljava/util/Iterator;)Ljava/lang/Appendable; @ 37 c2
Event: 6478.624 Thread 0x000001bb05cfc000 Uncommon trap: reason=profile_predicate action=maybe_recompile pc=0x000001bb7585b5b4 method=com.google.common.base.Joiner.appendTo(Ljava/lang/Appendable;Ljava/util/Iterator;)Ljava/lang/Appendable; @ 37 c2
Event: 6479.200 Thread 0x000001bb05cfc000 Uncommon trap: reason=profile_predicate action=maybe_recompile pc=0x000001bb76175040 method=org.gradle.internal.component.external.model.maven.DefaultMavenModuleResolveMetadata.filterDependencies(Lorg/gradle/internal/component/external/model/DefaultConfig
Event: 6479.447 Thread 0x000001bb05cfc000 Uncommon trap: reason=profile_predicate action=maybe_recompile pc=0x000001bb76175040 method=org.gradle.internal.component.external.model.maven.DefaultMavenModuleResolveMetadata.filterDependencies(Lorg/gradle/internal/component/external/model/DefaultConfig
Event: 6479.447 Thread 0x000001bb05cfc000 Uncommon trap: reason=profile_predicate action=maybe_recompile pc=0x000001bb76175040 method=org.gradle.internal.component.external.model.maven.DefaultMavenModuleResolveMetadata.filterDependencies(Lorg/gradle/internal/component/external/model/DefaultConfig
Event: 6479.474 Thread 0x000001bb05cfc000 Uncommon trap: reason=profile_predicate action=maybe_recompile pc=0x000001bb76175040 method=org.gradle.internal.component.external.model.maven.DefaultMavenModuleResolveMetadata.filterDependencies(Lorg/gradle/internal/component/external/model/DefaultConfig
Event: 6489.262 Thread 0x000001bb0265f800 Uncommon trap: reason=unstable_if action=reinterpret pc=0x000001bb75a39f88 method=java.text.DecimalFormat.format(JLjava/lang/StringBuffer;Ljava/text/Format$FieldDelegate;)Ljava/lang/StringBuffer; @ 136 c2
Event: 14852.436 Thread 0x000001bb05cff000 Uncommon trap: reason=intrinsic_or_type_checked_inlining action=make_not_entrant pc=0x000001bb76334a78 method=com.google.common.collect.RegularImmutableSet.copyIntoArray([Ljava/lang/Object;I)I @ 11 c2

Classes redefined (0 events):
No events

Internal exceptions (10 events):
Event: 14852.010 Thread 0x000001bb05cff000 Exception <a 'sun/nio/fs/WindowsException'{0x00000000eac6b058}> (0x00000000eac6b058) thrown at [t:/workspace/open/src/hotspot/share/prims/jni.cpp, line 615]
Event: 14852.010 Thread 0x000001bb05cff000 Exception <a 'sun/nio/fs/WindowsException'{0x00000000eac6b280}> (0x00000000eac6b280) thrown at [t:/workspace/open/src/hotspot/share/prims/jni.cpp, line 615]
Event: 14852.010 Thread 0x000001bb05cff000 Exception <a 'sun/nio/fs/WindowsException'{0x00000000eac6d7b0}> (0x00000000eac6d7b0) thrown at [t:/workspace/open/src/hotspot/share/prims/jni.cpp, line 615]
Event: 14852.010 Thread 0x000001bb05cff000 Exception <a 'sun/nio/fs/WindowsException'{0x00000000eac6d9e0}> (0x00000000eac6d9e0) thrown at [t:/workspace/open/src/hotspot/share/prims/jni.cpp, line 615]
Event: 14852.190 Thread 0x000001bb05cff000 Exception <a 'sun/nio/fs/WindowsException'{0x00000000ea6a5e08}> (0x00000000ea6a5e08) thrown at [t:/workspace/open/src/hotspot/share/prims/jni.cpp, line 615]
Event: 14852.352 Thread 0x000001bb05cff000 Exception <a 'sun/nio/fs/WindowsException'{0x00000000ea4ed988}> (0x00000000ea4ed988) thrown at [t:/workspace/open/src/hotspot/share/prims/jni.cpp, line 615]
Event: 14852.451 Thread 0x000001bb05cff000 Exception <a 'sun/nio/fs/WindowsException'{0x00000000efe4a3a0}> (0x00000000efe4a3a0) thrown at [t:/workspace/open/src/hotspot/share/prims/jni.cpp, line 615]
Event: 14852.535 Thread 0x000001bb05cff000 Implicit null exception at 0x000001bb6efb3ccf to 0x000001bb6efb437b
Event: 14852.535 Thread 0x000001bb05cff000 Exception <a 'java/lang/NullPointerException'{0x00000000efb1c6f0}> (0x00000000efb1c6f0) thrown at [t:/workspace/open/src/hotspot/share/runtime/sharedRuntime.cpp, line 585]
Event: 14852.591 Thread 0x000001bb05cff000 Exception <a 'sun/nio/fs/WindowsException'{0x00000000efb390f8}> (0x00000000efb390f8) thrown at [t:/workspace/open/src/hotspot/share/prims/jni.cpp, line 615]

Events (10 events):
Event: 14845.645 Thread 0x000001bb02d35800 Thread added: 0x000001bb02d35800
Event: 14845.679 Thread 0x000001bb05d03000 Thread added: 0x000001bb05d03000
Event: 14850.910 Thread 0x000001bb02d35800 Thread exited: 0x000001bb02d35800
Event: 14852.377 Thread 0x000001bb02d35800 Thread added: 0x000001bb02d35800
Event: 14852.380 Executing VM operation: G1CollectForAllocation
Event: 14852.415 Executing VM operation: G1CollectForAllocation done
Event: 14852.436 Thread 0x000001bb05cff000 Uncommon trap: trap_request=0xffffffcc fr.pc=0x000001bb76334a78 relative=0x0000000000000318
Event: 14852.436 Thread 0x000001bb05cff000 DEOPT PACKING pc=0x000001bb76334a78 sp=0x00000049da1fb030
Event: 14852.436 Thread 0x000001bb05cff000 DEOPT UNPACKING pc=0x000001bb6db29baf sp=0x00000049da1fae88 mode 2
Event: 14852.748 Executing VM operation: G1Concurrent


Dynamic libraries:
0x00007ff611340000 - 0x00007ff61134f000 	C:\Program Files\Java\jdk-12.0.1\bin\java.exe
0x00007ffb26c60000 - 0x00007ffb26e50000 	C:\Windows\SYSTEM32\ntdll.dll
0x00007ffb25460000 - 0x00007ffb25512000 	C:\Windows\System32\KERNEL32.DLL
0x00007ffb244d0000 - 0x00007ffb24773000 	C:\Windows\System32\KERNELBASE.dll
0x00007ffb21030000 - 0x00007ffb210bf000 	C:\Windows\SYSTEM32\apphelp.dll
0x00007ffb24ac0000 - 0x00007ffb24bba000 	C:\Windows\System32\ucrtbase.dll
0x00007ffaffa40000 - 0x00007ffaffa58000 	C:\Program Files\Java\jdk-12.0.1\bin\jli.dll
0x00007ffb0abc0000 - 0x00007ffb0abd6000 	C:\Program Files\Java\jdk-12.0.1\bin\VCRUNTIME140.dll
0x00007ffb26b70000 - 0x00007ffb26c13000 	C:\Windows\System32\ADVAPI32.dll
0x00007ffb25ef0000 - 0x00007ffb25f8e000 	C:\Windows\System32\msvcrt.dll
0x00007ffb25c50000 - 0x00007ffb25ce7000 	C:\Windows\System32\sechost.dll
0x00007ffb263b0000 - 0x00007ffb264d0000 	C:\Windows\System32\RPCRT4.dll
0x00007ffb26830000 - 0x00007ffb269c4000 	C:\Windows\System32\USER32.dll
0x00007ffb244a0000 - 0x00007ffb244c1000 	C:\Windows\System32\win32u.dll
0x00007ffb26290000 - 0x00007ffb262b6000 	C:\Windows\System32\GDI32.dll
0x00007ffb248f0000 - 0x00007ffb24a84000 	C:\Windows\System32\gdi32full.dll
0x00007ffb247f0000 - 0x00007ffb2488e000 	C:\Windows\System32\msvcp_win.dll
0x00007ffb1b5c0000 - 0x00007ffb1b845000 	C:\Windows\WinSxS\amd64_microsoft.windows.common-controls_6595b64144ccf1df_6.0.18362.720_none_e6beb5c51314836b\COMCTL32.dll
0x00007ffb21160000 - 0x00007ffb2116a000 	C:\Windows\SYSTEM32\VERSION.dll
0x00007ffb264d0000 - 0x00007ffb26806000 	C:\Windows\System32\combase.dll
0x00007ffb24370000 - 0x00007ffb243f0000 	C:\Windows\System32\bcryptPrimitives.dll
0x00007ffb255e0000 - 0x00007ffb2560e000 	C:\Windows\System32\IMM32.DLL
0x00007ffaf1dd0000 - 0x00007ffaf1e7a000 	C:\Program Files\Java\jdk-12.0.1\bin\msvcp140.dll
0x00007ffac7e00000 - 0x00007ffac8974000 	C:\Program Files\Java\jdk-12.0.1\bin\server\jvm.dll
0x00007ffb255d0000 - 0x00007ffb255d8000 	C:\Windows\System32\PSAPI.DLL
0x00007ffb20d80000 - 0x00007ffb20da4000 	C:\Windows\SYSTEM32\WINMM.dll
0x00007ffb16ec0000 - 0x00007ffb16ec9000 	C:\Windows\SYSTEM32\WSOCK32.dll
0x00007ffb25610000 - 0x00007ffb2567f000 	C:\Windows\System32\WS2_32.dll
0x00007ffb209e0000 - 0x00007ffb20a0d000 	C:\Windows\SYSTEM32\WINMMBASE.dll
0x00007ffb247a0000 - 0x00007ffb247ea000 	C:\Windows\System32\cfgmgr32.dll
0x00007ffb23b50000 - 0x00007ffb23b61000 	C:\Windows\System32\kernel.appcore.dll
0x00007ffafcc30000 - 0x00007ffafcc41000 	C:\Program Files\Java\jdk-12.0.1\bin\verify.dll
0x00007ffb23600000 - 0x00007ffb237f4000 	C:\Windows\SYSTEM32\DBGHELP.DLL
0x00007ffb23550000 - 0x00007ffb2357a000 	C:\Windows\SYSTEM32\dbgcore.DLL
0x00007ffafc3a0000 - 0x00007ffafc3c6000 	C:\Program Files\Java\jdk-12.0.1\bin\java.dll
0x00007ffafc380000 - 0x00007ffafc397000 	C:\Program Files\Java\jdk-12.0.1\bin\zip.dll
0x00007ffafc370000 - 0x00007ffafc37a000 	C:\Program Files\Java\jdk-12.0.1\bin\jimage.dll
0x00007ffb24d10000 - 0x00007ffb253f5000 	C:\Windows\System32\SHELL32.dll
0x00007ffb25520000 - 0x00007ffb255c9000 	C:\Windows\System32\shcore.dll
0x00007ffb23bf0000 - 0x00007ffb24370000 	C:\Windows\System32\windows.storage.dll
0x00007ffb23b70000 - 0x00007ffb23b93000 	C:\Windows\System32\profapi.dll
0x00007ffb23ba0000 - 0x00007ffb23bea000 	C:\Windows\System32\powrprof.dll
0x00007ffb23b20000 - 0x00007ffb23b30000 	C:\Windows\System32\UMPDC.dll
0x00007ffb26b10000 - 0x00007ffb26b62000 	C:\Windows\System32\shlwapi.dll
0x00007ffb24780000 - 0x00007ffb24797000 	C:\Windows\System32\cryptsp.dll
0x00007ffafc300000 - 0x00007ffafc319000 	C:\Program Files\Java\jdk-12.0.1\bin\net.dll
0x00007ffb15310000 - 0x00007ffb154e5000 	C:\Windows\SYSTEM32\urlmon.dll
0x00007ffb17310000 - 0x00007ffb17401000 	C:\Windows\SYSTEM32\WINHTTP.dll
0x00007ffb15670000 - 0x00007ffb15916000 	C:\Windows\SYSTEM32\iertutil.dll
0x00007ffb22ee0000 - 0x00007ffb22eec000 	C:\Windows\SYSTEM32\CRYPTBASE.DLL
0x00007ffb22cb0000 - 0x00007ffb22d17000 	C:\Windows\system32\mswsock.dll
0x00007ffaf2430000 - 0x00007ffaf2443000 	C:\Program Files\Java\jdk-12.0.1\bin\nio.dll
0x00007ffaf1400000 - 0x00007ffaf1426000 	C:\Users\Fligno-Laptop-031\.gradle\native\29\windows-amd64\native-platform.dll
0x00007ffafbce0000 - 0x00007ffafbce9000 	C:\Program Files\Java\jdk-12.0.1\bin\management.dll
0x00007ffafad50000 - 0x00007ffafad5c000 	C:\Program Files\Java\jdk-12.0.1\bin\management_ext.dll
0x00007ffb22820000 - 0x00007ffb22853000 	C:\Windows\system32\rsaenh.dll
0x00007ffb24a90000 - 0x00007ffb24ab6000 	C:\Windows\System32\bcrypt.dll
0x00007ffb23a40000 - 0x00007ffb23a65000 	C:\Windows\SYSTEM32\USERENV.dll
0x00007ffb229c0000 - 0x00007ffb229fa000 	C:\Windows\SYSTEM32\IPHLPAPI.DLL
0x00007ffb25f90000 - 0x00007ffb25f98000 	C:\Windows\System32\NSI.dll
0x00007ffb18540000 - 0x00007ffb18556000 	C:\Windows\SYSTEM32\dhcpcsvc6.DLL
0x00007ffb18520000 - 0x00007ffb1853c000 	C:\Windows\SYSTEM32\dhcpcsvc.DLL
0x00007ffb22a00000 - 0x00007ffb22aca000 	C:\Windows\SYSTEM32\DNSAPI.dll
0x00007ffaef2e0000 - 0x00007ffaef307000 	C:\Program Files\Java\jdk-12.0.1\bin\sunec.dll
0x00007ffb14aa0000 - 0x00007ffb14aaa000 	C:\Windows\System32\rasadhlp.dll
0x00007ffb17fa0000 - 0x00007ffb18017000 	C:\Windows\System32\fwpuclnt.dll
0x00007ffaf1c80000 - 0x00007ffaf1c8e000 	C:\Program Files\Java\jdk-12.0.1\bin\sunmscapi.dll
0x00007ffb24bc0000 - 0x00007ffb24d09000 	C:\Windows\System32\CRYPT32.dll
0x00007ffb23b30000 - 0x00007ffb23b42000 	C:\Windows\System32\MSASN1.dll
0x00007ffb23000000 - 0x00007ffb23026000 	C:\Windows\SYSTEM32\ncrypt.dll
0x00007ffb22fc0000 - 0x00007ffb22ffb000 	C:\Windows\SYSTEM32\NTASN1.dll

dbghelp: loaded successfully - version: 4.0.5 - missing functions: none
symbol engine: initialized successfully - sym options: 0x614 - pdb path: .;C:\Program Files\Java\jdk-12.0.1\bin;C:\Windows\SYSTEM32;C:\Windows\WinSxS\amd64_microsoft.windows.common-controls_6595b64144ccf1df_6.0.18362.720_none_e6beb5c51314836b;C:\Program Files\Java\jdk-12.0.1\bin\server;C:\Users\Fligno-Laptop-031\.gradle\native\29\windows-amd64

VM Arguments:
jvm_args: --add-opens=java.base/java.util=ALL-UNNAMED --add-opens=java.base/java.lang=ALL-UNNAMED --add-opens=java.base/java.lang.invoke=ALL-UNNAMED --add-opens=java.prefs/java.util.prefs=ALL-UNNAMED -XX:MaxMetaspaceSize=256m -XX:+HeapDumpOnOutOfMemoryError -Xms256m -Xmx512m -Dfile.encoding=windows-1252 -Duser.country=PH -Duser.language=en -Duser.variant 
java_command: org.gradle.launcher.daemon.bootstrap.GradleDaemon 5.5
java_class_path (initial): C:\Users\Fligno-Laptop-031\.gradle\wrapper\dists\gradle-5.5-all\byeise1led9a3w3p149d02kfj\gradle-5.5\lib\gradle-launcher-5.5.jar
Launcher Type: SUN_STANDARD

[Global flags]
     intx CICompilerCount                          = 3                                         {product} {ergonomic}
   size_t CompressedClassSpaceSize                 = 260046848                                 {product} {ergonomic}
     uint ConcGCThreads                            = 1                                         {product} {ergonomic}
     uint G1ConcRefinementThreads                  = 4                                         {product} {ergonomic}
   size_t G1HeapRegionSize                         = 1048576                                   {product} {ergonomic}
    uintx GCDrainStackTargetSize                   = 64                                        {product} {ergonomic}
     bool HeapDumpOnOutOfMemoryError               = true                                   {manageable} {command line}
   size_t InitialHeapSize                          = 268435456                                 {product} {command line}
   size_t MarkStackSize                            = 4194304                                   {product} {ergonomic}
   size_t MaxHeapSize                              = 536870912                                 {product} {command line}
   size_t MaxMetaspaceSize                         = 268435456                                 {product} {command line}
   size_t MaxNewSize                               = 321912832                                 {product} {ergonomic}
   size_t MinHeapDeltaBytes                        = 1048576                                   {product} {ergonomic}
    uintx NonNMethodCodeHeapSize                   = 5830732                                {pd product} {ergonomic}
    uintx NonProfiledCodeHeapSize                  = 122913754                              {pd product} {ergonomic}
    uintx ProfiledCodeHeapSize                     = 122913754                              {pd product} {ergonomic}
    uintx ReservedCodeCacheSize                    = 251658240                              {pd product} {ergonomic}
     bool SegmentedCodeCache                       = true                                      {product} {ergonomic}
     bool UseCompressedClassPointers               = true                                 {lp64_product} {ergonomic}
     bool UseCompressedOops                        = true                                 {lp64_product} {ergonomic}
     bool UseG1GC                                  = true                                      {product} {ergonomic}
     bool UseLargePagesIndividualAllocation        = false                                  {pd product} {ergonomic}

Logging:
Log output configuration:
 #0: stdout all=warning uptime,level,tags
 #1: stderr all=off uptime,level,tags

Environment Variables:
JAVA_HOME=C:\Program Files\Java\jdk-12.0.1
CLASSPATH=C:\Edio\Standard\ReactNativeStandard\android\\gradle\wrapper\gradle-wrapper.jar
PATH=C:\Edio\Standard\ReactNativeStandard\node_modules\.bin;C:\Program Files\Git\usr\local\share\npm\bin;C:\Program Files\Git\mingw64\bin;C:\Program Files\Git\usr\bin;C:\Users\Fligno-Laptop-031\bin;C:\Windows\system32;C:\Windows;C:\Windows\System32\Wbem;C:\Windows\System32\WindowsPowerShell\v1.0;C:\Windows\System32\OpenSSH;C:\xampp\php;C:\composer;C:\Program Files (x86)\Yarn\bin;C:\Program Files\Git\cmd;C:\Program Files\nodejs;C:\Gradle\gradle-6.0\bin;C:\Users\Fligno-Laptop-031\AppData\Local\Android\sdk\platform-tools;C:\Users\Fligno-Laptop-031\AppData\Roaming\npm;C:\Users\Fligno-Laptop-031\AppData\Local\Microsoft\WindowsApps;C:\Users\Fligno-Laptop-031\AppData\Roaming\Composer\vendor\bin;C:\Users\Fligno-Laptop-031\AppData\Local\Yarn\bin;C:\Users\Fligno-Laptop-031\AppData\Local\Programs\Microsoft VS Code\bin;C:\Program Files\JetBrains\PhpStorm 2019.2.5\bin;C:\Users\Fligno-Laptop-031\AppData\Roaming\npm;C:\Users\Fligno-Laptop-031\AppData\Local\Android\Sdk\platform-tools;C:\Program Files\Java\jdk-13.0.1\bin;C:\Program Files\heroku\bin
USERNAME=Fligno-Laptop-031
OS=Windows_NT
PROCESSOR_IDENTIFIER=Intel64 Family 6 Model 69 Stepping 1, GenuineIntel



---------------  S Y S T E M  ---------------

OS: Windows 10 , 64 bit Build 18362 (10.0.18362.329)

CPU:total 4 (initial active 4) (2 cores per cpu, 2 threads per core) family 6 model 69 stepping 1, cmov, cx8, fxsr, mmx, sse, sse2, sse3, ssse3, sse4.1, sse4.2, popcnt, avx, avx2, aes, clmul, erms, lzcnt, ht, tsc, tscinvbit, bmi1, bmi2, fma

Memory: 4k page, system-wide physical 8101M (1212M free)
TotalPageFile size 21510M (AvailPageFile size 5329M)
current process WorkingSet (physical memory assigned to process): 464M, peak: 510M
current process commit charge ("private bytes"): 561M, peak: 565M

vm_info: Java HotSpot(TM) 64-Bit Server VM (12.0.1+12) for windows-amd64 JRE (12.0.1+12), built on Apr  2 2019 14:02:19 by "mach5one" with MS VC++ 15.5 (VS2017)

END.
